
tmp36 sensor stop to take measure
last measure : 1900-01-01 00:00:00
missing data OBC temp
last measure : 1900-01-01 00:00:00
missing data pressure 
last measure : 1900-01-01 00:00:00
tmp36 sensor stop to take measure
last measure : 1900-01-01 00:00:00
missing data OBC temp
last measure : 1900-01-01 00:00:00
missing data pressure 
last measure : 1900-01-01 00:00:00
Performing measurements
sensors data: fine
 collecting garbage...
Performing measurements
sensors data: fine
 collecting garbage...
Performing measurements
sensors data: fine
 collecting garbage...
Performing measurements
tmp36 sensor stop to take measure
last measure : 1900-10-07 13:47:52
missing data OBC temp
last measure : 1900-10-07 13:48:59
missing data pressure 
last measure : 1900-10-07 13:47:52
tmp36 sensor stop to take measure
last measure : 1900-10-07 13:47:52
missing data OBC temp
last measure : 1900-10-07 13:48:59
missing data pressure 
last measure : 1900-10-07 13:47:52
Performing measurements
tmp36 sensor stop to take measure
last measure : 1900-10-07 14:49:04
missing data OBC temp
last measure : 1900-10-07 14:50:10
missing data pressure 
last measure : 1900-10-07 14:49:04
Performing measurements
tmp36 sensor stop to take measure
last measure : 1900-01-12 22:43:52
missing data OBC temp
last measure : 1900-01-12 22:43:52
missing data pressure 
last measure : 1900-01-12 22:43:52
tmp36 sensor stop to take measure
last measure : 1900-01-12 22:43:52
missing data OBC temp
last measure : 1900-01-12 22:43:52
missing data pressure 
last measure : 1900-01-12 22:43:52
Performing measurements
Performing measurements
tmp36 sensor stop to take measure
last measure : 1900-01-14 15:10:52
missing data OBC temp
last measure : 1900-01-14 15:01:41
missing data pressure 
last measure : 1900-01-14 15:10:52
tmp36 sensor stop to take measure
last measure : 1900-01-14 15:10:52
missing data OBC temp
last measure : 1900-01-14 15:12:46
missing data pressure 
last measure : 1900-01-14 15:10:52
tmp36 sensor stop to take measure
last measure : 1900-01-14 15:10:52
missing data OBC temp
last measure : 1900-01-14 15:26:52
missing data pressure 
last measure : 1900-01-14 15:10:52
tmp36 sensor stop to take measure
last measure : 1900-01-14 15:10:52
missing data OBC temp
last measure : 1900-01-14 15:32:45
missing data pressure 
last measure : 1900-01-14 15:10:52
tmp36 sensor stop to take measure
last measure : 1900-01-14 15:10:52
missing data OBC temp
last measure : 1900-01-14 15:33:10
missing data pressure 
last measure : 1900-01-14 15:10:52
tmp36 sensor stop to take measure
last measure : 1900-01-14 15:10:52
missing data OBC temp
last measure : 1900-01-14 15:35:11
missing data pressure 
last measure : 1900-01-14 15:10:52
tmp36 sensor stop to take measure
last measure : 1900-01-14 15:10:52
missing data OBC temp
last measure : 1900-01-14 15:36:03
missing data pressure 
last measure : 1900-01-14 15:10:52
tmp36 sensor stop to take measure
last measure : 1900-01-14 15:10:52
missing data OBC temp
last measure : 1900-01-14 15:36:59
missing data pressure 
last measure : 1900-01-14 15:10:52
tmp36 sensor stop to take measure
last measure : 1900-01-14 15:10:52
missing data OBC temp
last measure : 1900-01-14 15:37:23
missing data pressure 
last measure : 1900-01-14 15:10:52
tmp36 sensor stop to take measure
last measure : 1900-01-14 15:10:52
missing data OBC temp
last measure : 1900-01-14 15:41:01
missing data pressure 
last measure : 1900-01-14 15:10:52
tmp36 sensor stop to take measure
last measure : 1900-01-14 15:10:52
missing data OBC temp
last measure : 1900-01-14 15:45:40
missing data pressure 
last measure : 1900-01-14 15:10:52
tmp36 sensor stop to take measure
last measure : 1900-01-14 15:10:52
missing data OBC temp
last measure : 1900-01-14 15:47:29
missing data pressure 
last measure : 1900-01-14 15:10:52
tmp36 sensor stop to take measure
last measure : 1900-01-14 15:10:52
missing data OBC temp
last measure : 1900-01-14 15:49:01
missing data pressure 
last measure : 1900-01-14 15:10:52
tmp36 sensor stop to take measure
last measure : 1900-01-14 15:10:52
missing data OBC temp
last measure : 1900-01-14 15:50:45
missing data pressure 
last measure : 1900-01-14 15:10:52
tmp36 sensor stop to take measure
last measure : 1900-01-14 15:10:52
missing data OBC temp
last measure : 1900-01-14 15:51:50
missing data pressure 
last measure : 1900-01-14 15:10:52
tmp36 sensor stop to take measure
last measure : 1900-01-14 15:10:52
missing data OBC temp
last measure : 1900-01-14 15:53:19
missing data pressure 
last measure : 1900-01-14 15:10:52